<?xml version="1.0" encoding="UTF-8"?>
<testng-results ignored="0" total="2" passed="2" failed="0" skipped="0">
  <reporter-output>
  </reporter-output>
  <suite started-at="2026-02-05T23:29:51 IST" name="Master Suite" finished-at="2026-02-05T23:30:17 IST" duration-ms="26712">
    <groups>
      <group name="Master">
        <method signature="TC001_AcontRegistratin.testcase()[pri:0, instance:testcases.TC001_AcontRegistratin@3370f42]" name="testcase" class="testcases.TC001_AcontRegistratin"/>
        <method signature="TC002_Logintest.loginvalidation()[pri:0, instance:testcases.TC002_Logintest@352c1b98]" name="loginvalidation" class="testcases.TC002_Logintest"/>
      </group> <!-- Master -->
      <group name="Sanity">
        <method signature="TC002_Logintest.loginvalidation()[pri:0, instance:testcases.TC002_Logintest@352c1b98]" name="loginvalidation" class="testcases.TC002_Logintest"/>
      </group> <!-- Sanity -->
      <group name="Regression">
        <method signature="TC001_AcontRegistratin.testcase()[pri:0, instance:testcases.TC001_AcontRegistratin@3370f42]" name="testcase" class="testcases.TC001_AcontRegistratin"/>
      </group> <!-- Regression -->
    </groups>
    <test started-at="2026-02-05T23:29:51 IST" name="Test" finished-at="2026-02-05T23:30:17 IST" duration-ms="26712">
      <class name="testcases.TC002_Logintest">
        <test-method is-config="true" signature="setup(java.lang.String,java.lang.String)[pri:0, instance:testcases.TC002_Logintest@352c1b98]" started-at="2026-02-05T23:29:58 IST" name="setup" finished-at="2026-02-05T23:30:02 IST" duration-ms="3421" status="PASS">
          <params>
            <param index="0">
              <value>
                <![CDATA[Windows]]>
              </value>
            </param>
            <param index="1">
              <value>
                <![CDATA[chrome]]>
              </value>
            </param>
          </params>
          <reporter-output>
          </reporter-output>
        </test-method> <!-- setup -->
        <test-method signature="loginvalidation()[pri:0, instance:testcases.TC002_Logintest@352c1b98]" started-at="2026-02-05T23:30:02 IST" name="loginvalidation" finished-at="2026-02-05T23:30:17 IST" duration-ms="15356" status="PASS">
          <reporter-output>
          </reporter-output>
        </test-method> <!-- loginvalidation -->
        <test-method is-config="true" signature="teardown()[pri:0, instance:testcases.TC002_Logintest@352c1b98]" started-at="2026-02-05T23:30:17 IST" name="teardown" finished-at="2026-02-05T23:30:17 IST" duration-ms="429" status="PASS">
          <reporter-output>
          </reporter-output>
        </test-method> <!-- teardown -->
      </class> <!-- testcases.TC002_Logintest -->
      <class name="testcases.TC001_AcontRegistratin">
        <test-method is-config="true" signature="setup(java.lang.String,java.lang.String)[pri:0, instance:testcases.TC001_AcontRegistratin@3370f42]" started-at="2026-02-05T23:29:51 IST" name="setup" finished-at="2026-02-05T23:29:54 IST" duration-ms="3471" status="PASS">
          <params>
            <param index="0">
              <value>
                <![CDATA[Windows]]>
              </value>
            </param>
            <param index="1">
              <value>
                <![CDATA[chrome]]>
              </value>
            </param>
          </params>
          <reporter-output>
          </reporter-output>
        </test-method> <!-- setup -->
        <test-method signature="testcase()[pri:0, instance:testcases.TC001_AcontRegistratin@3370f42]" started-at="2026-02-05T23:29:54 IST" name="testcase" finished-at="2026-02-05T23:29:58 IST" duration-ms="3229" status="PASS">
          <reporter-output>
          </reporter-output>
        </test-method> <!-- testcase -->
        <test-method is-config="true" signature="teardown()[pri:0, instance:testcases.TC001_AcontRegistratin@3370f42]" started-at="2026-02-05T23:29:58 IST" name="teardown" finished-at="2026-02-05T23:29:58 IST" duration-ms="411" status="PASS">
          <reporter-output>
          </reporter-output>
        </test-method> <!-- teardown -->
      </class> <!-- testcases.TC001_AcontRegistratin -->
    </test> <!-- Test -->
  </suite> <!-- Master Suite -->
</testng-results>
