<?xml version="1.0" encoding="UTF-8"?>
<testng-results ignored="0" total="2" passed="2" failed="0" skipped="0">
  <reporter-output>
  </reporter-output>
  <suite started-at="2026-02-03T11:12:38 IST" name="Master Suite" finished-at="2026-02-03T11:13:21 IST" duration-ms="43436">
    <groups>
      <group name="Master">
        <method signature="TC001_AcontRegistratin.testcase()[pri:0, instance:testcases.TC001_AcontRegistratin@797cf65c]" name="testcase" class="testcases.TC001_AcontRegistratin"/>
        <method signature="TC002_Logintest.loginvalidation()[pri:0, instance:testcases.TC002_Logintest@3a12c404]" name="loginvalidation" class="testcases.TC002_Logintest"/>
      </group> <!-- Master -->
      <group name="Sanity">
        <method signature="TC002_Logintest.loginvalidation()[pri:0, instance:testcases.TC002_Logintest@3a12c404]" name="loginvalidation" class="testcases.TC002_Logintest"/>
      </group> <!-- Sanity -->
      <group name="Regression">
        <method signature="TC001_AcontRegistratin.testcase()[pri:0, instance:testcases.TC001_AcontRegistratin@797cf65c]" name="testcase" class="testcases.TC001_AcontRegistratin"/>
      </group> <!-- Regression -->
    </groups>
    <test started-at="2026-02-03T11:12:38 IST" name="Test" finished-at="2026-02-03T11:13:21 IST" duration-ms="43436">
      <class name="testcases.TC002_Logintest">
        <test-method is-config="true" signature="setup(java.lang.String,java.lang.String)[pri:0, instance:testcases.TC002_Logintest@3a12c404]" started-at="2026-02-03T11:13:16 IST" name="setup" finished-at="2026-02-03T11:13:18 IST" duration-ms="2180" status="PASS">
          <params>
            <param index="0">
              <value>
                <![CDATA[Windows]]>
              </value>
            </param>
            <param index="1">
              <value>
                <![CDATA[chrome]]>
              </value>
            </param>
          </params>
          <reporter-output>
          </reporter-output>
        </test-method> <!-- setup -->
        <test-method signature="loginvalidation()[pri:0, instance:testcases.TC002_Logintest@3a12c404]" started-at="2026-02-03T11:13:18 IST" name="loginvalidation" finished-at="2026-02-03T11:13:21 IST" duration-ms="2458" status="PASS">
          <reporter-output>
          </reporter-output>
        </test-method> <!-- loginvalidation -->
        <test-method is-config="true" signature="teardown()[pri:0, instance:testcases.TC002_Logintest@3a12c404]" started-at="2026-02-03T11:13:21 IST" name="teardown" finished-at="2026-02-03T11:13:21 IST" duration-ms="386" status="PASS">
          <reporter-output>
          </reporter-output>
        </test-method> <!-- teardown -->
      </class> <!-- testcases.TC002_Logintest -->
      <class name="testcases.TC001_AcontRegistratin">
        <test-method is-config="true" signature="setup(java.lang.String,java.lang.String)[pri:0, instance:testcases.TC001_AcontRegistratin@797cf65c]" started-at="2026-02-03T11:12:38 IST" name="setup" finished-at="2026-02-03T11:13:12 IST" duration-ms="34171" status="PASS">
          <params>
            <param index="0">
              <value>
                <![CDATA[Windows]]>
              </value>
            </param>
            <param index="1">
              <value>
                <![CDATA[chrome]]>
              </value>
            </param>
          </params>
          <reporter-output>
          </reporter-output>
        </test-method> <!-- setup -->
        <test-method signature="testcase()[pri:0, instance:testcases.TC001_AcontRegistratin@797cf65c]" started-at="2026-02-03T11:13:12 IST" name="testcase" finished-at="2026-02-03T11:13:16 IST" duration-ms="3260" status="PASS">
          <reporter-output>
          </reporter-output>
        </test-method> <!-- testcase -->
        <test-method is-config="true" signature="teardown()[pri:0, instance:testcases.TC001_AcontRegistratin@797cf65c]" started-at="2026-02-03T11:13:16 IST" name="teardown" finished-at="2026-02-03T11:13:16 IST" duration-ms="455" status="PASS">
          <reporter-output>
          </reporter-output>
        </test-method> <!-- teardown -->
      </class> <!-- testcases.TC001_AcontRegistratin -->
    </test> <!-- Test -->
  </suite> <!-- Master Suite -->
</testng-results>
